2018-06-14 18:14:44    INFO    Processing page: http://basededonnees.archives.toulouse.fr/4DCGI/Web_Script_Lit_Requete/34_28/ILUMP99999
2018-06-14 18:15:07    INFO      -> start parsing HTML
2018-06-14 18:15:07    INFO    1Fi191 -> /4DCGI/Web_VoirLaNotice/34_01/1Fi191/ILUMP6218
2018-06-14 18:15:07    INFO    1Fi234 -> /4DCGI/Web_VoirLaNotice/34_01/1Fi234/ILUMP6218
2018-06-14 18:15:07    INFO    1Fi246 -> /4DCGI/Web_VoirLaNotice/34_01/1Fi246/ILUMP6218
2018-06-14 18:15:07    INFO    1Fi248 -> /4DCGI/Web_VoirLaNotice/34_01/1Fi248/ILUMP6218
2018-06-14 18:15:07    INFO    1Fi251 -> /4DCGI/Web_VoirLaNotice/34_01/1Fi251/ILUMP6218
2018-06-14 18:15:07    INFO    1Fi253 -> /4DCGI/Web_VoirLaNotice/34_01/1Fi253/ILUMP6218
2018-06-14 18:15:07    INFO    1Fi317 -> /4DCGI/Web_VoirLaNotice/34_01/1Fi317/ILUMP6218
2018-06-14 18:15:07    INFO    1Fi834 -> /4DCGI/Web_VoirLaNotice/34_01/1Fi834/ILUMP6218
2018-06-14 18:15:07    INFO    1Fi836 -> /4DCGI/Web_VoirLaNotice/34_01/1Fi836/ILUMP6218
2018-06-14 18:15:07    INFO    1Fi861 -> /4DCGI/Web_VoirLaNotice/34_01/1Fi861/ILUMP6218
2018-06-14 18:15:07    INFO    1Fi933 -> /4DCGI/Web_VoirLaNotice/34_01/1Fi933/ILUMP6218
2018-06-14 18:15:07    INFO    1Fi1427 -> /4DCGI/Web_VoirLaNotice/34_01/1Fi1427/ILUMP6218
2018-06-14 18:15:07    INFO    1Fi9112 -> /4DCGI/Web_VoirLaNotice/34_01/1Fi9112/ILUMP6218
2018-06-14 18:15:07    INFO    1Fi10146 -> /4DCGI/Web_VoirLaNotice/34_01/1Fi10146/ILUMP6218
2018-06-14 18:15:07    INFO    1Fi10272 -> /4DCGI/Web_VoirLaNotice/34_01/1Fi10272/ILUMP6218
2018-06-14 18:15:07    INFO    2Fi907 -> /4DCGI/Web_VoirLaNotice/34_01/2Fi907/ILUMP6218
2018-06-14 18:15:07    INFO    2Fi2021 -> /4DCGI/Web_VoirLaNotice/34_01/2Fi2021/ILUMP6218
2018-06-14 18:15:07    INFO    2Fi5644/1 -> /4DCGI/Web_VoirLaNotice/34_01/2Fi5644xzx1/ILUMP6218
2018-06-14 18:15:07    INFO    3Fi6/2 -> /4DCGI/Web_VoirLaNotice/34_01/3Fi6xzx2/ILUMP6218
2018-06-14 18:15:07    INFO    3Fi18 -> /4DCGI/Web_VoirLaNotice/34_01/3Fi18/ILUMP6218
2018-06-14 18:15:07    INFO    3Fi19 -> /4DCGI/Web_VoirLaNotice/34_01/3Fi19/ILUMP6218
2018-06-14 18:15:07    INFO    6Fi3 -> /4DCGI/Web_VoirLaNotice/34_01/6Fi3/ILUMP6218
2018-06-14 18:15:07    INFO    8Fi1 -> /4DCGI/Web_VoirLaNotice/34_01/8Fi1/ILUMP6218
2018-06-14 18:15:07    INFO    8Fi2 -> /4DCGI/Web_VoirLaNotice/34_01/8Fi2/ILUMP6218
2018-06-14 18:15:07    INFO    8Fi3 -> /4DCGI/Web_VoirLaNotice/34_01/8Fi3/ILUMP6218
2018-06-14 18:15:07    INFO    8Fi4 -> /4DCGI/Web_VoirLaNotice/34_01/8Fi4/ILUMP6218
2018-06-14 18:15:07    INFO    8Fi7 -> /4DCGI/Web_VoirLaNotice/34_01/8Fi7/ILUMP6218
2018-06-14 18:15:07    INFO    9Fi406 -> /4DCGI/Web_VoirLaNotice/34_01/9Fi406/ILUMP6218
2018-06-14 18:15:07    INFO    Processing page: http://basededonnees.archives.toulouse.fr/4DCGI/Web_changePageListe/00020349561/h26165/ILUMP9546
2018-06-14 18:15:23    INFO      -> start parsing HTML
2018-06-14 18:15:23    INFO    9Fi520 -> /4DCGI/Web_VoirLaNotice/34_01/9Fi520/ILUMP9546
2018-06-14 18:15:23    INFO    9Fi529 -> /4DCGI/Web_VoirLaNotice/34_01/9Fi529/ILUMP9546
2018-06-14 18:15:23    INFO    9Fi531 -> /4DCGI/Web_VoirLaNotice/34_01/9Fi531/ILUMP9546
2018-06-14 18:15:23    INFO    9Fi833 -> /4DCGI/Web_VoirLaNotice/34_01/9Fi833/ILUMP9546
2018-06-14 18:15:23    INFO    9Fi1015 -> /4DCGI/Web_VoirLaNotice/34_01/9Fi1015/ILUMP9546
2018-06-14 18:15:23    INFO    9Fi1451 -> /4DCGI/Web_VoirLaNotice/34_01/9Fi1451/ILUMP9546
2018-06-14 18:15:23    INFO    9Fi1616 -> /4DCGI/Web_VoirLaNotice/34_01/9Fi1616/ILUMP9546
2018-06-14 18:15:23    INFO    9Fi1657 -> /4DCGI/Web_VoirLaNotice/34_01/9Fi1657/ILUMP9546
2018-06-14 18:15:23    INFO    9Fi1685 -> /4DCGI/Web_VoirLaNotice/34_01/9Fi1685/ILUMP9546
2018-06-14 18:15:23    INFO    9Fi1832 -> /4DCGI/Web_VoirLaNotice/34_01/9Fi1832/ILUMP9546
2018-06-14 18:15:23    INFO    9Fi2509 -> /4DCGI/Web_VoirLaNotice/34_01/9Fi2509/ILUMP9546
2018-06-14 18:15:23    INFO    9Fi3008 -> /4DCGI/Web_VoirLaNotice/34_01/9Fi3008/ILUMP9546
2018-06-14 18:15:23    INFO    9Fi3183 -> /4DCGI/Web_VoirLaNotice/34_01/9Fi3183/ILUMP9546
2018-06-14 18:15:23    INFO    9Fi4684 -> /4DCGI/Web_VoirLaNotice/34_01/9Fi4684/ILUMP9546
2018-06-14 18:15:23    INFO    9Fi4955 -> /4DCGI/Web_VoirLaNotice/34_01/9Fi4955/ILUMP9546
2018-06-14 18:15:23    INFO    9Fi5565 -> /4DCGI/Web_VoirLaNotice/34_01/9Fi5565/ILUMP9546
2018-06-14 18:15:23    INFO    9Fi5667 -> /4DCGI/Web_VoirLaNotice/34_01/9Fi5667/ILUMP9546
2018-06-14 18:15:23    INFO    9Fi5797 -> /4DCGI/Web_VoirLaNotice/34_01/9Fi5797/ILUMP9546
2018-06-14 18:15:23    INFO    9Fi7129 -> /4DCGI/Web_VoirLaNotice/34_01/9Fi7129/ILUMP9546
2018-06-14 18:15:23    INFO    18Fi3 -> /4DCGI/Web_VoirLaNotice/34_01/18Fi3/ILUMP9546
2018-06-14 18:15:23    INFO    18Fi4 -> /4DCGI/Web_VoirLaNotice/34_01/18Fi4/ILUMP9546
2018-06-14 18:15:23    INFO    18Fi6 -> /4DCGI/Web_VoirLaNotice/34_01/18Fi6/ILUMP9546
2018-06-14 18:15:23    INFO    18Fi7 -> /4DCGI/Web_VoirLaNotice/34_01/18Fi7/ILUMP9546
2018-06-14 18:15:23    INFO    18Fi8 -> /4DCGI/Web_VoirLaNotice/34_01/18Fi8/ILUMP9546
2018-06-14 18:15:23    INFO    18Fi9 -> /4DCGI/Web_VoirLaNotice/34_01/18Fi9/ILUMP9546
2018-06-14 18:15:23    INFO    18Fi10 -> /4DCGI/Web_VoirLaNotice/34_01/18Fi10/ILUMP9546
2018-06-14 18:15:23    INFO    18Fi11 -> /4DCGI/Web_VoirLaNotice/34_01/18Fi11/ILUMP9546
2018-06-14 18:15:23    INFO    18Fi13 -> /4DCGI/Web_VoirLaNotice/34_01/18Fi13/ILUMP9546
2018-06-14 18:15:23    INFO    Processing page: http://basededonnees.archives.toulouse.fr/4DCGI/Web_changePageListe/00030349561/h6775/ILUMP9546
2018-06-14 18:15:38    INFO      -> start parsing HTML
2018-06-14 18:15:38    INFO    18Fi15 -> /4DCGI/Web_VoirLaNotice/34_01/18Fi15/ILUMP9546
2018-06-14 18:15:38    INFO    18Fi16 -> /4DCGI/Web_VoirLaNotice/34_01/18Fi16/ILUMP9546
2018-06-14 18:15:38    INFO    18Fi17 -> /4DCGI/Web_VoirLaNotice/34_01/18Fi17/ILUMP9546
2018-06-14 18:15:38    INFO    18Fi18 -> /4DCGI/Web_VoirLaNotice/34_01/18Fi18/ILUMP9546
2018-06-14 18:15:38    INFO    18Fi19 -> /4DCGI/Web_VoirLaNotice/34_01/18Fi19/ILUMP9546
2018-06-14 18:15:38    INFO    18Fi84 -> /4DCGI/Web_VoirLaNotice/34_01/18Fi84/ILUMP9546
2018-06-14 18:15:38    INFO    18Fi90 -> /4DCGI/Web_VoirLaNotice/34_01/18Fi90/ILUMP9546
2018-06-14 18:15:38    INFO    18Fi91 -> /4DCGI/Web_VoirLaNotice/34_01/18Fi91/ILUMP9546
2018-06-14 18:15:38    INFO    18Fi92 -> /4DCGI/Web_VoirLaNotice/34_01/18Fi92/ILUMP9546
2018-06-14 18:15:38    INFO    18Fi93 -> /4DCGI/Web_VoirLaNotice/34_01/18Fi93/ILUMP9546
2018-06-14 18:15:38    INFO    18Fi94 -> /4DCGI/Web_VoirLaNotice/34_01/18Fi94/ILUMP9546
2018-06-14 18:15:38    INFO    18Fi95 -> /4DCGI/Web_VoirLaNotice/34_01/18Fi95/ILUMP9546
2018-06-14 18:15:38    INFO    18Fi96 -> /4DCGI/Web_VoirLaNotice/34_01/18Fi96/ILUMP9546
2018-06-14 18:15:38    INFO    18Fi97 -> /4DCGI/Web_VoirLaNotice/34_01/18Fi97/ILUMP9546
2018-06-14 18:15:38    INFO    18Fi98 -> /4DCGI/Web_VoirLaNotice/34_01/18Fi98/ILUMP9546
2018-06-14 18:15:38    INFO    18Fi107 -> /4DCGI/Web_VoirLaNotice/34_01/18Fi107/ILUMP9546
2018-06-14 18:15:38    INFO    18Fi116 -> /4DCGI/Web_VoirLaNotice/34_01/18Fi116/ILUMP9546
2018-06-14 18:15:38    INFO    18Fi151 -> /4DCGI/Web_VoirLaNotice/34_01/18Fi151/ILUMP9546
2018-06-14 18:15:38    INFO    18Fi152 -> /4DCGI/Web_VoirLaNotice/34_01/18Fi152/ILUMP9546
2018-06-14 18:15:38    INFO    18Fi154 -> /4DCGI/Web_VoirLaNotice/34_01/18Fi154/ILUMP9546
2018-06-14 18:15:38    INFO    18Fi155 -> /4DCGI/Web_VoirLaNotice/34_01/18Fi155/ILUMP9546
2018-06-14 18:15:38    INFO    18Fi156 -> /4DCGI/Web_VoirLaNotice/34_01/18Fi156/ILUMP9546
2018-06-14 18:15:38    INFO    18Fi157 -> /4DCGI/Web_VoirLaNotice/34_01/18Fi157/ILUMP9546
2018-06-14 18:15:38    INFO    18Fi158 -> /4DCGI/Web_VoirLaNotice/34_01/18Fi158/ILUMP9546
2018-06-14 18:15:38    INFO    18Fi159 -> /4DCGI/Web_VoirLaNotice/34_01/18Fi159/ILUMP9546
2018-06-14 18:15:38    INFO    18Fi160 -> /4DCGI/Web_VoirLaNotice/34_01/18Fi160/ILUMP9546
2018-06-14 18:15:38    INFO    18Fi161 -> /4DCGI/Web_VoirLaNotice/34_01/18Fi161/ILUMP9546
2018-06-14 18:15:38    INFO    18Fi162 -> /4DCGI/Web_VoirLaNotice/34_01/18Fi162/ILUMP9546
2018-06-14 18:15:38    INFO    Processing page: http://basededonnees.archives.toulouse.fr/4DCGI/Web_changePageListe/00040349561/h27168/ILUMP9546
2018-06-14 18:16:40    INFO      -> start parsing HTML
2018-06-14 18:16:40    INFO    20Fi238 -> /4DCGI/Web_VoirLaNotice/34_01/20Fi238/ILUMP9546
2018-06-14 18:16:40    INFO    20Fi487 -> /4DCGI/Web_VoirLaNotice/34_01/20Fi487/ILUMP9546
2018-06-14 18:16:40    INFO    20Fi1243 -> /4DCGI/Web_VoirLaNotice/34_01/20Fi1243/ILUMP9546
2018-06-14 18:16:40    INFO    20Fi1244 -> /4DCGI/Web_VoirLaNotice/34_01/20Fi1244/ILUMP9546
2018-06-14 18:16:40    INFO    25Fi78 -> /4DCGI/Web_VoirLaNotice/34_01/25Fi78/ILUMP9546
2018-06-14 18:16:40    INFO    26Fi6 -> /4DCGI/Web_VoirLaNotice/34_01/26Fi6/ILUMP9546
2018-06-14 18:16:40    INFO    26Fi7 -> /4DCGI/Web_VoirLaNotice/34_01/26Fi7/ILUMP9546
2018-06-14 18:16:40    INFO    26Fi8 -> /4DCGI/Web_VoirLaNotice/34_01/26Fi8/ILUMP9546
2018-06-14 18:16:40    INFO    26Fi10 -> /4DCGI/Web_VoirLaNotice/34_01/26Fi10/ILUMP9546
2018-06-14 18:16:40    INFO    26Fi11 -> /4DCGI/Web_VoirLaNotice/34_01/26Fi11/ILUMP9546
2018-06-14 18:16:40    INFO    26Fi12 -> /4DCGI/Web_VoirLaNotice/34_01/26Fi12/ILUMP9546
2018-06-14 18:16:40    INFO    26Fi13 -> /4DCGI/Web_VoirLaNotice/34_01/26Fi13/ILUMP9546
2018-06-14 18:16:40    INFO    26Fi14 -> /4DCGI/Web_VoirLaNotice/34_01/26Fi14/ILUMP9546
2018-06-14 18:16:40    INFO    26Fi15 -> /4DCGI/Web_VoirLaNotice/34_01/26Fi15/ILUMP9546
2018-06-14 18:16:40    INFO    26Fi17 -> /4DCGI/Web_VoirLaNotice/34_01/26Fi17/ILUMP9546
2018-06-14 18:16:40    INFO    26Fi18 -> /4DCGI/Web_VoirLaNotice/34_01/26Fi18/ILUMP9546
2018-06-14 18:16:40    INFO    26Fi19 -> /4DCGI/Web_VoirLaNotice/34_01/26Fi19/ILUMP9546
2018-06-14 18:16:40    INFO    26Fi26 -> /4DCGI/Web_VoirLaNotice/34_01/26Fi26/ILUMP9546
2018-06-14 18:16:40    INFO    26Fi27 -> /4DCGI/Web_VoirLaNotice/34_01/26Fi27/ILUMP9546
2018-06-14 18:16:40    INFO    26Fi28 -> /4DCGI/Web_VoirLaNotice/34_01/26Fi28/ILUMP9546
2018-06-14 18:16:40    INFO    26Fi29 -> /4DCGI/Web_VoirLaNotice/34_01/26Fi29/ILUMP9546
2018-06-14 18:16:40    INFO    26Fi30 -> /4DCGI/Web_VoirLaNotice/34_01/26Fi30/ILUMP9546
2018-06-14 18:16:40    INFO    26Fi33 -> /4DCGI/Web_VoirLaNotice/34_01/26Fi33/ILUMP9546
2018-06-14 18:16:40    INFO    26Fi34 -> /4DCGI/Web_VoirLaNotice/34_01/26Fi34/ILUMP9546
2018-06-14 18:16:40    INFO    26Fi36 -> /4DCGI/Web_VoirLaNotice/34_01/26Fi36/ILUMP9546
2018-06-14 18:16:40    INFO    26Fi37 -> /4DCGI/Web_VoirLaNotice/34_01/26Fi37/ILUMP9546
2018-06-14 18:16:40    INFO    26Fi38 -> /4DCGI/Web_VoirLaNotice/34_01/26Fi38/ILUMP9546
2018-06-14 18:16:40    INFO    26Fi39 -> /4DCGI/Web_VoirLaNotice/34_01/26Fi39/ILUMP9546
2018-06-14 18:16:40    INFO    Processing page: http://basededonnees.archives.toulouse.fr/4DCGI/Web_changePageListe/00050349561/h997/ILUMP9546
2018-06-14 18:17:02    INFO      -> start parsing HTML
2018-06-14 18:17:02    INFO    26Fi40 -> /4DCGI/Web_VoirLaNotice/34_01/26Fi40/ILUMP9546
2018-06-14 18:17:02    INFO    26Fi41 -> /4DCGI/Web_VoirLaNotice/34_01/26Fi41/ILUMP9546
2018-06-14 18:17:02    INFO    26Fi42 -> /4DCGI/Web_VoirLaNotice/34_01/26Fi42/ILUMP9546
2018-06-14 18:17:02    INFO    26Fi43 -> /4DCGI/Web_VoirLaNotice/34_01/26Fi43/ILUMP9546
2018-06-14 18:17:02    INFO    26Fi44 -> /4DCGI/Web_VoirLaNotice/34_01/26Fi44/ILUMP9546
2018-06-14 18:17:02    INFO    26Fi47 -> /4DCGI/Web_VoirLaNotice/34_01/26Fi47/ILUMP9546
2018-06-14 18:17:02    INFO    26Fi48 -> /4DCGI/Web_VoirLaNotice/34_01/26Fi48/ILUMP9546
2018-06-14 18:17:02    INFO    26Fi50 -> /4DCGI/Web_VoirLaNotice/34_01/26Fi50/ILUMP9546
2018-06-14 18:17:02    INFO    26Fi55 -> /4DCGI/Web_VoirLaNotice/34_01/26Fi55/ILUMP9546
2018-06-14 18:17:02    INFO    26Fi57 -> /4DCGI/Web_VoirLaNotice/34_01/26Fi57/ILUMP9546
2018-06-14 18:17:02    INFO    26Fi61 -> /4DCGI/Web_VoirLaNotice/34_01/26Fi61/ILUMP9546
2018-06-14 18:17:02    INFO    26Fi66 -> /4DCGI/Web_VoirLaNotice/34_01/26Fi66/ILUMP9546
2018-06-14 18:17:02    INFO    26Fi67/1 -> /4DCGI/Web_VoirLaNotice/34_01/26Fi67xzx1/ILUMP9546
2018-06-14 18:17:02    INFO    26Fi67/2 -> /4DCGI/Web_VoirLaNotice/34_01/26Fi67xzx2/ILUMP9546
2018-06-14 18:17:02    INFO    26Fi67/4 -> /4DCGI/Web_VoirLaNotice/34_01/26Fi67xzx4/ILUMP9546
2018-06-14 18:17:02    INFO    26Fi84 -> /4DCGI/Web_VoirLaNotice/34_01/26Fi84/ILUMP9546
2018-06-14 18:17:02    INFO    26Fi92 -> /4DCGI/Web_VoirLaNotice/34_01/26Fi92/ILUMP9546
2018-06-14 18:17:02    INFO    26Fi101 -> /4DCGI/Web_VoirLaNotice/34_01/26Fi101/ILUMP9546
2018-06-14 18:17:02    INFO    26Fi130 -> /4DCGI/Web_VoirLaNotice/34_01/26Fi130/ILUMP9546
2018-06-14 18:17:02    INFO    26Fi149 -> /4DCGI/Web_VoirLaNotice/34_01/26Fi149/ILUMP9546
2018-06-14 18:17:02    INFO    26Fi180 -> /4DCGI/Web_VoirLaNotice/34_01/26Fi180/ILUMP9546
2018-06-14 18:17:02    INFO    26Fi343 -> /4DCGI/Web_VoirLaNotice/34_01/26Fi343/ILUMP9546
2018-06-14 18:17:02    INFO    26Fi344 -> /4DCGI/Web_VoirLaNotice/34_01/26Fi344/ILUMP9546
2018-06-14 18:17:02    INFO    26Fi345 -> /4DCGI/Web_VoirLaNotice/34_01/26Fi345/ILUMP9546
2018-06-14 18:17:02    INFO    26Fi346 -> /4DCGI/Web_VoirLaNotice/34_01/26Fi346/ILUMP9546
2018-06-14 18:17:02    INFO    26Fi347 -> /4DCGI/Web_VoirLaNotice/34_01/26Fi347/ILUMP9546
2018-06-14 18:17:02    INFO    26Fi348 -> /4DCGI/Web_VoirLaNotice/34_01/26Fi348/ILUMP9546
2018-06-14 18:17:02    INFO    26Fi550 -> /4DCGI/Web_VoirLaNotice/34_01/26Fi550/ILUMP9546
2018-06-14 18:17:02    INFO    Processing page: http://basededonnees.archives.toulouse.fr/4DCGI/Web_changePageListe/00060349561/h3394/ILUMP9546
2018-06-14 18:18:12    INFO      -> start parsing HTML
2018-06-14 18:18:12    INFO    26Fi578 -> /4DCGI/Web_VoirLaNotice/34_01/26Fi578/ILUMP9546
2018-06-14 18:18:12    INFO    26Fi601 -> /4DCGI/Web_VoirLaNotice/34_01/26Fi601/ILUMP9546
2018-06-14 18:18:12    INFO    26Fi607 -> /4DCGI/Web_VoirLaNotice/34_01/26Fi607/ILUMP9546
2018-06-14 18:18:12    INFO    26Fi609 -> /4DCGI/Web_VoirLaNotice/34_01/26Fi609/ILUMP9546
2018-06-14 18:18:12    INFO    38Fi10/3 -> /4DCGI/Web_VoirLaNotice/34_01/38Fi10xzx3/ILUMP9546
2018-06-14 18:18:12    INFO    38Fi10/4 -> /4DCGI/Web_VoirLaNotice/34_01/38Fi10xzx4/ILUMP9546
2018-06-14 18:18:12    INFO    38Fi10/5 -> /4DCGI/Web_VoirLaNotice/34_01/38Fi10xzx5/ILUMP9546
2018-06-14 18:18:12    INFO    38Fi10/6 -> /4DCGI/Web_VoirLaNotice/34_01/38Fi10xzx6/ILUMP9546
2018-06-14 18:18:12    INFO    38Fi10/7 -> /4DCGI/Web_VoirLaNotice/34_01/38Fi10xzx7/ILUMP9546
2018-06-14 18:18:12    INFO    38Fi10/8 -> /4DCGI/Web_VoirLaNotice/34_01/38Fi10xzx8/ILUMP9546
2018-06-14 18:18:12    INFO    38Fi10/9 -> /4DCGI/Web_VoirLaNotice/34_01/38Fi10xzx9/ILUMP9546
2018-06-14 18:18:12    INFO    38Fi10/10 -> /4DCGI/Web_VoirLaNotice/34_01/38Fi10xzx10/ILUMP9546
2018-06-14 18:18:12    INFO    38Fi10/11 -> /4DCGI/Web_VoirLaNotice/34_01/38Fi10xzx11/ILUMP9546
2018-06-14 18:18:12    INFO    38Fi10/12 -> /4DCGI/Web_VoirLaNotice/34_01/38Fi10xzx12/ILUMP9546
2018-06-14 18:18:12    INFO    38Fi10/13 -> /4DCGI/Web_VoirLaNotice/34_01/38Fi10xzx13/ILUMP9546
2018-06-14 18:18:12    INFO    38Fi10/14 -> /4DCGI/Web_VoirLaNotice/34_01/38Fi10xzx14/ILUMP9546
2018-06-14 18:18:12    INFO    38Fi10/18 -> /4DCGI/Web_VoirLaNotice/34_01/38Fi10xzx18/ILUMP9546
2018-06-14 18:18:12    INFO    38Fi10/19 -> /4DCGI/Web_VoirLaNotice/34_01/38Fi10xzx19/ILUMP9546
2018-06-14 18:18:12    INFO    38Fi10/20 -> /4DCGI/Web_VoirLaNotice/34_01/38Fi10xzx20/ILUMP9546
2018-06-14 18:18:12    INFO    38Fi10/21 -> /4DCGI/Web_VoirLaNotice/34_01/38Fi10xzx21/ILUMP9546
2018-06-14 18:18:12    INFO    38Fi10/22 -> /4DCGI/Web_VoirLaNotice/34_01/38Fi10xzx22/ILUMP9546
2018-06-14 18:18:12    INFO    38Fi10/23 -> /4DCGI/Web_VoirLaNotice/34_01/38Fi10xzx23/ILUMP9546
2018-06-14 18:18:12    INFO    38Fi10/24 -> /4DCGI/Web_VoirLaNotice/34_01/38Fi10xzx24/ILUMP9546
2018-06-14 18:18:12    INFO    38Fi10/25 -> /4DCGI/Web_VoirLaNotice/34_01/38Fi10xzx25/ILUMP9546
2018-06-14 18:18:12    INFO    38Fi10/26 -> /4DCGI/Web_VoirLaNotice/34_01/38Fi10xzx26/ILUMP9546
2018-06-14 18:18:12    INFO    38Fi10/27 -> /4DCGI/Web_VoirLaNotice/34_01/38Fi10xzx27/ILUMP9546
2018-06-14 18:18:12    INFO    38Fi10/28 -> /4DCGI/Web_VoirLaNotice/34_01/38Fi10xzx28/ILUMP9546
2018-06-14 18:18:12    INFO    38Fi10/29 -> /4DCGI/Web_VoirLaNotice/34_01/38Fi10xzx29/ILUMP9546
2018-06-14 18:18:12    INFO    Processing page: http://basededonnees.archives.toulouse.fr/4DCGI/Web_changePageListe/00070349561/h26458/ILUMP9546
2018-06-14 18:19:43    INFO      -> start parsing HTML
2018-06-14 18:19:43    INFO    38Fi10/30 -> /4DCGI/Web_VoirLaNotice/34_01/38Fi10xzx30/ILUMP9546
2018-06-14 18:19:43    INFO    38Fi10/31 -> /4DCGI/Web_VoirLaNotice/34_01/38Fi10xzx31/ILUMP9546
2018-06-14 18:19:43    INFO    38Fi10/32 -> /4DCGI/Web_VoirLaNotice/34_01/38Fi10xzx32/ILUMP9546
2018-06-14 18:19:43    INFO    38Fi10/33 -> /4DCGI/Web_VoirLaNotice/34_01/38Fi10xzx33/ILUMP9546
2018-06-14 18:19:43    INFO    38Fi10/34 -> /4DCGI/Web_VoirLaNotice/34_01/38Fi10xzx34/ILUMP9546
2018-06-14 18:19:43    INFO    38Fi10/35 -> /4DCGI/Web_VoirLaNotice/34_01/38Fi10xzx35/ILUMP9546
2018-06-14 18:19:43    INFO    38Fi10/36 -> /4DCGI/Web_VoirLaNotice/34_01/38Fi10xzx36/ILUMP9546
2018-06-14 18:19:43    INFO    38Fi10/37 -> /4DCGI/Web_VoirLaNotice/34_01/38Fi10xzx37/ILUMP9546
2018-06-14 18:19:43    INFO    38Fi10/38 -> /4DCGI/Web_VoirLaNotice/34_01/38Fi10xzx38/ILUMP9546
2018-06-14 18:19:43    INFO    38Fi10/39 -> /4DCGI/Web_VoirLaNotice/34_01/38Fi10xzx39/ILUMP9546
2018-06-14 18:19:43    INFO    38Fi10/40 -> /4DCGI/Web_VoirLaNotice/34_01/38Fi10xzx40/ILUMP9546
2018-06-14 18:19:43    INFO    38Fi10/41 -> /4DCGI/Web_VoirLaNotice/34_01/38Fi10xzx41/ILUMP9546
2018-06-14 18:19:43    INFO    38Fi10/42 -> /4DCGI/Web_VoirLaNotice/34_01/38Fi10xzx42/ILUMP9546
2018-06-14 18:19:43    INFO    38Fi10/43 -> /4DCGI/Web_VoirLaNotice/34_01/38Fi10xzx43/ILUMP9546
2018-06-14 18:19:43    INFO    38Fi10/44 -> /4DCGI/Web_VoirLaNotice/34_01/38Fi10xzx44/ILUMP9546
2018-06-14 18:19:43    INFO    38Fi10/45 -> /4DCGI/Web_VoirLaNotice/34_01/38Fi10xzx45/ILUMP9546
2018-06-14 18:19:43    INFO    38Fi10/46 -> /4DCGI/Web_VoirLaNotice/34_01/38Fi10xzx46/ILUMP9546
2018-06-14 18:19:43    INFO    38Fi10/47 -> /4DCGI/Web_VoirLaNotice/34_01/38Fi10xzx47/ILUMP9546
2018-06-14 18:19:43    INFO    38Fi10/48 -> /4DCGI/Web_VoirLaNotice/34_01/38Fi10xzx48/ILUMP9546
2018-06-14 18:19:43    INFO    38Fi10/49 -> /4DCGI/Web_VoirLaNotice/34_01/38Fi10xzx49/ILUMP9546
2018-06-14 18:19:43    INFO    38Fi10/50 -> /4DCGI/Web_VoirLaNotice/34_01/38Fi10xzx50/ILUMP9546
2018-06-14 18:19:43    INFO    38Fi10/51 -> /4DCGI/Web_VoirLaNotice/34_01/38Fi10xzx51/ILUMP9546
2018-06-14 18:19:43    INFO    38Fi10/52 -> /4DCGI/Web_VoirLaNotice/34_01/38Fi10xzx52/ILUMP9546
2018-06-14 18:19:43    INFO    38Fi10/53 -> /4DCGI/Web_VoirLaNotice/34_01/38Fi10xzx53/ILUMP9546
2018-06-14 18:19:43    INFO    38Fi10/54 -> /4DCGI/Web_VoirLaNotice/34_01/38Fi10xzx54/ILUMP9546
2018-06-14 18:19:43    INFO    38Fi10/55 -> /4DCGI/Web_VoirLaNotice/34_01/38Fi10xzx55/ILUMP9546
2018-06-14 18:19:43    INFO    38Fi10/56 -> /4DCGI/Web_VoirLaNotice/34_01/38Fi10xzx56/ILUMP9546
2018-06-14 18:19:43    INFO    38Fi10/57 -> /4DCGI/Web_VoirLaNotice/34_01/38Fi10xzx57/ILUMP9546
2018-06-14 18:19:43    INFO    Processing page: http://basededonnees.archives.toulouse.fr/4DCGI/Web_changePageListe/00080349561/h7319/ILUMP9546
2018-06-14 18:20:14    INFO      -> start parsing HTML
2018-06-14 18:20:14    INFO    38Fi10/58 -> /4DCGI/Web_VoirLaNotice/34_01/38Fi10xzx58/ILUMP9546
2018-06-14 18:20:14    INFO    38Fi10/59 -> /4DCGI/Web_VoirLaNotice/34_01/38Fi10xzx59/ILUMP9546
2018-06-14 18:20:14    INFO    38Fi10/60 -> /4DCGI/Web_VoirLaNotice/34_01/38Fi10xzx60/ILUMP9546
2018-06-14 18:20:14    INFO    38Fi10/61 -> /4DCGI/Web_VoirLaNotice/34_01/38Fi10xzx61/ILUMP9546
2018-06-14 18:20:14    INFO    38Fi10/62 -> /4DCGI/Web_VoirLaNotice/34_01/38Fi10xzx62/ILUMP9546
2018-06-14 18:20:14    INFO    38Fi10/63 -> /4DCGI/Web_VoirLaNotice/34_01/38Fi10xzx63/ILUMP9546
2018-06-14 18:20:14    INFO    45Fi99 -> /4DCGI/Web_VoirLaNotice/34_01/45Fi99/ILUMP9546
2018-06-14 18:20:14    INFO    51Fi12 -> /4DCGI/Web_VoirLaNotice/34_01/51Fi12/ILUMP9546
2018-06-14 18:20:14    INFO    51Fi2270 -> /4DCGI/Web_VoirLaNotice/34_01/51Fi2270/ILUMP9546
2018-06-14 18:20:14    INFO    58Fi138 -> /4DCGI/Web_VoirLaNotice/34_01/58Fi138/ILUMP9546